2022-07-17_00-50-18 [main] INFO  c.c.c.ConsumermicroserviceApplication - Starting ConsumermicroserviceApplication using Java 17.0.2 on ADITYA with PID 14828 (D:\Work\CTS Learning\MFPE Projects\PAS-FINAL\consumermicroservice\target\classes started by Aditya in D:\Work\CTS Learning\MFPE Projects\PAS-FINAL\consumermicroservice)
2022-07-17_00-50-18 [main] INFO  c.c.c.ConsumermicroserviceApplication - No active profile set, falling back to 1 default profile: "default"
2022-07-17_00-50-18 [main] INFO  o.s.d.r.c.RepositoryConfigurationDelegate - Bootstrapping Spring Data JPA repositories in DEFAULT mode.
2022-07-17_00-50-18 [main] INFO  o.s.d.r.c.RepositoryConfigurationDelegate - Finished Spring Data repository scanning in 88 ms. Found 2 JPA repository interfaces.
2022-07-17_00-50-18 [main] INFO  o.s.b.w.e.tomcat.TomcatWebServer - Tomcat initialized with port(s): 9002 (http)
2022-07-17_00-50-18 [main] INFO  o.a.coyote.http11.Http11NioProtocol - Initializing ProtocolHandler ["http-nio-9002"]
2022-07-17_00-50-18 [main] INFO  o.a.catalina.core.StandardService - Starting service [Tomcat]
2022-07-17_00-50-18 [main] INFO  o.a.catalina.core.StandardEngine - Starting Servlet engine: [Apache Tomcat/9.0.64]
2022-07-17_00-50-18 [main] INFO  o.a.c.c.C.[Tomcat].[localhost].[/] - Initializing Spring embedded WebApplicationContext
2022-07-17_00-50-18 [main] INFO  o.s.b.w.s.c.ServletWebServerApplicationContext - Root WebApplicationContext: initialization completed in 2230 ms
2022-07-17_00-50-18 [main] INFO  com.zaxxer.hikari.HikariDataSource - HikariPool-1 - Starting...
2022-07-17_00-50-18 [main] INFO  com.zaxxer.hikari.HikariDataSource - HikariPool-1 - Start completed.
2022-07-17_00-50-18 [main] INFO  o.s.b.a.h.H2ConsoleAutoConfiguration - H2 console available at '/h2'. Database available at 'jdbc:h2:mem:mydb'
2022-07-17_00-50-18 [main] INFO  o.s.o.j.LocalContainerEntityManagerFactoryBean - Initialized JPA EntityManagerFactory for persistence unit 'default'
2022-07-17_00-50-18 [main] INFO  o.a.coyote.http11.Http11NioProtocol - Starting ProtocolHandler ["http-nio-9002"]
2022-07-17_00-50-18 [main] INFO  o.s.b.w.e.tomcat.TomcatWebServer - Tomcat started on port(s): 9002 (http) with context path ''
2022-07-17_00-50-18 [main] INFO  c.c.c.ConsumermicroserviceApplication - Started ConsumermicroserviceApplication in 5.992 seconds (JVM running for 7.294)
2022-07-17_00-50-18 [RMI TCP Connection(12)-127.0.0.1] INFO  o.s.b.a.SpringApplicationAdminMXBeanRegistrar$SpringApplicationAdmin - Application shutdown requested.
2022-07-17_00-50-18 [RMI TCP Connection(12)-127.0.0.1] INFO  o.s.o.j.LocalContainerEntityManagerFactoryBean - Closing JPA EntityManagerFactory for persistence unit 'default'
2022-07-17_00-50-18 [RMI TCP Connection(12)-127.0.0.1] INFO  com.zaxxer.hikari.HikariDataSource - HikariPool-1 - Shutdown initiated...
2022-07-17_00-50-18 [RMI TCP Connection(12)-127.0.0.1] INFO  com.zaxxer.hikari.HikariDataSource - HikariPool-1 - Shutdown completed.
2022-07-17_00-52-27 [main] INFO  c.c.c.ConsumermicroserviceApplication - Starting ConsumermicroserviceApplication using Java 17.0.2 on ADITYA with PID 14728 (D:\Work\CTS Learning\MFPE Projects\PAS-FINAL\consumermicroservice\target\classes started by Aditya in D:\Work\CTS Learning\MFPE Projects\PAS-FINAL\consumermicroservice)
2022-07-17_00-52-27 [main] INFO  c.c.c.ConsumermicroserviceApplication - No active profile set, falling back to 1 default profile: "default"
2022-07-17_00-52-27 [main] INFO  o.s.d.r.c.RepositoryConfigurationDelegate - Bootstrapping Spring Data JPA repositories in DEFAULT mode.
2022-07-17_00-52-27 [main] INFO  o.s.d.r.c.RepositoryConfigurationDelegate - Finished Spring Data repository scanning in 114 ms. Found 2 JPA repository interfaces.
2022-07-17_00-52-27 [main] INFO  o.s.b.w.e.tomcat.TomcatWebServer - Tomcat initialized with port(s): 9002 (http)
2022-07-17_00-52-27 [main] INFO  o.a.coyote.http11.Http11NioProtocol - Initializing ProtocolHandler ["http-nio-9002"]
2022-07-17_00-52-27 [main] INFO  o.a.catalina.core.StandardService - Starting service [Tomcat]
2022-07-17_00-52-27 [main] INFO  o.a.catalina.core.StandardEngine - Starting Servlet engine: [Apache Tomcat/9.0.64]
2022-07-17_00-52-27 [main] INFO  o.a.c.c.C.[Tomcat].[localhost].[/] - Initializing Spring embedded WebApplicationContext
2022-07-17_00-52-27 [main] INFO  o.s.b.w.s.c.ServletWebServerApplicationContext - Root WebApplicationContext: initialization completed in 3052 ms
2022-07-17_00-52-27 [main] INFO  com.zaxxer.hikari.HikariDataSource - HikariPool-1 - Starting...
2022-07-17_00-52-27 [main] INFO  com.zaxxer.hikari.HikariDataSource - HikariPool-1 - Start completed.
2022-07-17_00-52-27 [main] INFO  o.s.b.a.h.H2ConsoleAutoConfiguration - H2 console available at '/h2'. Database available at 'jdbc:h2:mem:mydb'
2022-07-17_00-52-27 [main] INFO  o.s.o.j.LocalContainerEntityManagerFactoryBean - Initialized JPA EntityManagerFactory for persistence unit 'default'
2022-07-17_00-52-27 [main] INFO  o.a.coyote.http11.Http11NioProtocol - Starting ProtocolHandler ["http-nio-9002"]
2022-07-17_00-52-27 [main] INFO  o.s.b.w.e.tomcat.TomcatWebServer - Tomcat started on port(s): 9002 (http) with context path ''
2022-07-17_00-52-27 [main] INFO  c.c.c.ConsumermicroserviceApplication - Started ConsumermicroserviceApplication in 7.417 seconds (JVM running for 8.852)
2022-07-17_00-52-27 [RMI TCP Connection(10)-127.0.0.1] INFO  o.s.b.a.SpringApplicationAdminMXBeanRegistrar$SpringApplicationAdmin - Application shutdown requested.
2022-07-17_00-52-27 [RMI TCP Connection(10)-127.0.0.1] INFO  o.s.o.j.LocalContainerEntityManagerFactoryBean - Closing JPA EntityManagerFactory for persistence unit 'default'
2022-07-17_01-08-36 [restartedMain] INFO  c.c.c.ConsumermicroserviceApplication - Starting ConsumermicroserviceApplication using Java 17.0.2 on ADITYA with PID 13188 (D:\Work\CTS Learning\MFPE Projects\PAS-FINAL\consumermicroservice\target\classes started by Aditya in D:\Work\CTS Learning\MFPE Projects\PAS-FINAL\consumermicroservice)
2022-07-17_01-08-36 [restartedMain] INFO  c.c.c.ConsumermicroserviceApplication - No active profile set, falling back to 1 default profile: "default"
2022-07-17_01-08-36 [restartedMain] INFO  o.s.b.d.e.DevToolsPropertyDefaultsPostProcessor - Devtools property defaults active! Set 'spring.devtools.add-properties' to 'false' to disable
2022-07-17_01-08-36 [restartedMain] INFO  o.s.b.d.e.DevToolsPropertyDefaultsPostProcessor - For additional web related logging consider setting the 'logging.level.web' property to 'DEBUG'
2022-07-17_01-08-36 [restartedMain] INFO  o.s.d.r.c.RepositoryConfigurationDelegate - Bootstrapping Spring Data JPA repositories in DEFAULT mode.
2022-07-17_01-08-36 [restartedMain] INFO  o.s.d.r.c.RepositoryConfigurationDelegate - Finished Spring Data repository scanning in 68 ms. Found 2 JPA repository interfaces.
2022-07-17_01-08-36 [restartedMain] INFO  o.s.b.w.e.tomcat.TomcatWebServer - Tomcat initialized with port(s): 9002 (http)
2022-07-17_01-08-36 [restartedMain] INFO  o.a.coyote.http11.Http11NioProtocol - Initializing ProtocolHandler ["http-nio-9002"]
2022-07-17_01-08-36 [restartedMain] INFO  o.a.catalina.core.StandardService - Starting service [Tomcat]
2022-07-17_01-08-36 [restartedMain] INFO  o.a.catalina.core.StandardEngine - Starting Servlet engine: [Apache Tomcat/9.0.64]
2022-07-17_01-08-36 [restartedMain] INFO  o.a.c.c.C.[Tomcat].[localhost].[/] - Initializing Spring embedded WebApplicationContext
2022-07-17_01-08-36 [restartedMain] INFO  o.s.b.w.s.c.ServletWebServerApplicationContext - Root WebApplicationContext: initialization completed in 2765 ms
2022-07-17_01-08-36 [restartedMain] INFO  com.zaxxer.hikari.HikariDataSource - HikariPool-1 - Starting...
2022-07-17_01-08-36 [restartedMain] INFO  com.zaxxer.hikari.HikariDataSource - HikariPool-1 - Start completed.
2022-07-17_01-08-36 [restartedMain] INFO  o.s.b.a.h.H2ConsoleAutoConfiguration - H2 console available at '/h2'. Database available at 'jdbc:h2:mem:mydb'
2022-07-17_01-08-36 [restartedMain] INFO  o.s.o.j.LocalContainerEntityManagerFactoryBean - Initialized JPA EntityManagerFactory for persistence unit 'default'
2022-07-17_01-08-36 [restartedMain] INFO  o.a.coyote.http11.Http11NioProtocol - Starting ProtocolHandler ["http-nio-9002"]
2022-07-17_01-08-36 [restartedMain] INFO  o.s.b.w.e.tomcat.TomcatWebServer - Tomcat started on port(s): 9002 (http) with context path ''
2022-07-17_01-08-36 [restartedMain] INFO  c.c.c.ConsumermicroserviceApplication - Started ConsumermicroserviceApplication in 7.85 seconds (JVM running for 9.635)
2022-07-17_01-08-36 [RMI TCP Connection(12)-127.0.0.1] INFO  o.s.b.a.SpringApplicationAdminMXBeanRegistrar$SpringApplicationAdmin - Application shutdown requested.
2022-07-17_01-08-36 [RMI TCP Connection(12)-127.0.0.1] INFO  o.s.o.j.LocalContainerEntityManagerFactoryBean - Closing JPA EntityManagerFactory for persistence unit 'default'
2022-07-17_01-08-36 [RMI TCP Connection(12)-127.0.0.1] INFO  com.zaxxer.hikari.HikariDataSource - HikariPool-1 - Shutdown initiated...
2022-07-17_01-08-36 [RMI TCP Connection(12)-127.0.0.1] INFO  com.zaxxer.hikari.HikariDataSource - HikariPool-1 - Shutdown completed.
